mode: set
github.com/andrebarone77/cardiaflow-api/internal/handler/auth_handler.go:16.68,20.2 1 0
github.com/andrebarone77/cardiaflow-api/internal/handler/auth_handler.go:22.45,25.47 2 0
github.com/andrebarone77/cardiaflow-api/internal/handler/auth_handler.go:25.47,28.3 2 0
github.com/andrebarone77/cardiaflow-api/internal/handler/auth_handler.go:30.2,32.16 2 0
github.com/andrebarone77/cardiaflow-api/internal/handler/auth_handler.go:32.16,35.3 2 0
github.com/andrebarone77/cardiaflow-api/internal/handler/auth_handler.go:37.2,37.46 1 0
github.com/andrebarone77/cardiaflow-api/internal/handler/health_record_handler.go:18.88,20.2 1 0
github.com/andrebarone77/cardiaflow-api/internal/handler/health_record_handler.go:22.54,24.47 2 0
github.com/andrebarone77/cardiaflow-api/internal/handler/health_record_handler.go:24.47,27.3 2 0
github.com/andrebarone77/cardiaflow-api/internal/handler/health_record_handler.go:29.2,31.16 2 0
github.com/andrebarone77/cardiaflow-api/internal/handler/health_record_handler.go:31.16,32.62 1 0
github.com/andrebarone77/cardiaflow-api/internal/handler/health_record_handler.go:32.62,35.4 2 0
github.com/andrebarone77/cardiaflow-api/internal/handler/health_record_handler.go:36.3,37.9 2 0
github.com/andrebarone77/cardiaflow-api/internal/handler/health_record_handler.go:40.2,40.40 1 0
github.com/andrebarone77/cardiaflow-api/internal/handler/health_record_handler.go:44.54,46.47 2 0
github.com/andrebarone77/cardiaflow-api/internal/handler/health_record_handler.go:46.47,49.3 2 0
github.com/andrebarone77/cardiaflow-api/internal/handler/health_record_handler.go:51.2,52.14 2 0
github.com/andrebarone77/cardiaflow-api/internal/handler/health_record_handler.go:52.14,55.3 2 0
github.com/andrebarone77/cardiaflow-api/internal/handler/health_record_handler.go:57.2,58.16 2 0
github.com/andrebarone77/cardiaflow-api/internal/handler/health_record_handler.go:58.16,59.53 1 0
github.com/andrebarone77/cardiaflow-api/internal/handler/health_record_handler.go:59.53,62.4 2 0
github.com/andrebarone77/cardiaflow-api/internal/handler/health_record_handler.go:63.3,64.9 2 0
github.com/andrebarone77/cardiaflow-api/internal/handler/health_record_handler.go:67.2,67.40 1 0
github.com/andrebarone77/cardiaflow-api/internal/handler/health_record_handler.go:71.55,76.16 3 0
github.com/andrebarone77/cardiaflow-api/internal/handler/health_record_handler.go:76.16,77.53 1 0
github.com/andrebarone77/cardiaflow-api/internal/handler/health_record_handler.go:77.53,80.4 2 0
github.com/andrebarone77/cardiaflow-api/internal/handler/health_record_handler.go:81.3,82.9 2 0
github.com/andrebarone77/cardiaflow-api/internal/handler/health_record_handler.go:85.2,85.37 1 0
github.com/andrebarone77/cardiaflow-api/internal/handler/health_record_handler.go:89.60,92.18 2 0
github.com/andrebarone77/cardiaflow-api/internal/handler/health_record_handler.go:92.18,95.3 2 0
github.com/andrebarone77/cardiaflow-api/internal/handler/health_record_handler.go:97.2,99.16 2 0
github.com/andrebarone77/cardiaflow-api/internal/handler/health_record_handler.go:99.16,100.53 1 0
github.com/andrebarone77/cardiaflow-api/internal/handler/health_record_handler.go:100.53,103.4 2 0
github.com/andrebarone77/cardiaflow-api/internal/handler/health_record_handler.go:105.3,106.9 2 0
github.com/andrebarone77/cardiaflow-api/internal/handler/health_record_handler.go:109.2,109.29 1 0
github.com/andrebarone77/cardiaflow-api/internal/handler/health_record_handler.go:109.29,112.3 2 0
github.com/andrebarone77/cardiaflow-api/internal/handler/health_record_handler.go:114.2,114.38 1 0
github.com/andrebarone77/cardiaflow-api/internal/handler/health_record_handler.go:117.54,120.14 2 0
github.com/andrebarone77/cardiaflow-api/internal/handler/health_record_handler.go:120.14,123.3 2 0
github.com/andrebarone77/cardiaflow-api/internal/handler/health_record_handler.go:125.2,127.16 2 0
github.com/andrebarone77/cardiaflow-api/internal/handler/health_record_handler.go:127.16,128.53 1 0
github.com/andrebarone77/cardiaflow-api/internal/handler/health_record_handler.go:128.53,131.4 2 0
github.com/andrebarone77/cardiaflow-api/internal/handler/health_record_handler.go:133.3,134.9 2 0
github.com/andrebarone77/cardiaflow-api/internal/handler/health_record_handler.go:137.2,137.32 1 0
github.com/andrebarone77/cardiaflow-api/internal/handler/health_record_handler.go:140.116,148.2 1 0
github.com/andrebarone77/cardiaflow-api/internal/handler/health_record_handler.go:150.116,156.2 1 0
github.com/andrebarone77/cardiaflow-api/internal/handler/health_record_types_handler.go:27.91,29.2 1 1
github.com/andrebarone77/cardiaflow-api/internal/handler/health_record_types_handler.go:31.58,33.47 2 1
github.com/andrebarone77/cardiaflow-api/internal/handler/health_record_types_handler.go:33.47,36.3 2 1
github.com/andrebarone77/cardiaflow-api/internal/handler/health_record_types_handler.go:38.2,40.16 2 1
github.com/andrebarone77/cardiaflow-api/internal/handler/health_record_types_handler.go:40.16,41.62 1 1
github.com/andrebarone77/cardiaflow-api/internal/handler/health_record_types_handler.go:41.62,44.4 2 1
github.com/andrebarone77/cardiaflow-api/internal/handler/health_record_types_handler.go:46.3,46.45 1 1
github.com/andrebarone77/cardiaflow-api/internal/handler/health_record_types_handler.go:46.45,49.4 2 1
github.com/andrebarone77/cardiaflow-api/internal/handler/health_record_types_handler.go:51.3,51.44 1 1
github.com/andrebarone77/cardiaflow-api/internal/handler/health_record_types_handler.go:51.44,54.4 2 1
github.com/andrebarone77/cardiaflow-api/internal/handler/health_record_types_handler.go:56.3,56.44 1 1
github.com/andrebarone77/cardiaflow-api/internal/handler/health_record_types_handler.go:56.44,59.4 2 1
github.com/andrebarone77/cardiaflow-api/internal/handler/health_record_types_handler.go:61.3,62.9 2 1
github.com/andrebarone77/cardiaflow-api/internal/handler/health_record_types_handler.go:65.2,65.45 1 1
github.com/andrebarone77/cardiaflow-api/internal/handler/health_record_types_handler.go:68.59,72.16 3 1
github.com/andrebarone77/cardiaflow-api/internal/handler/health_record_types_handler.go:72.16,73.57 1 1
github.com/andrebarone77/cardiaflow-api/internal/handler/health_record_types_handler.go:73.57,76.4 2 1
github.com/andrebarone77/cardiaflow-api/internal/handler/health_record_types_handler.go:77.3,78.9 2 1
github.com/andrebarone77/cardiaflow-api/internal/handler/health_record_types_handler.go:80.2,84.4 1 1
github.com/andrebarone77/cardiaflow-api/internal/handler/health_record_types_handler.go:87.61,91.16 3 1
github.com/andrebarone77/cardiaflow-api/internal/handler/health_record_types_handler.go:91.16,92.57 1 1
github.com/andrebarone77/cardiaflow-api/internal/handler/health_record_types_handler.go:92.57,95.4 2 1
github.com/andrebarone77/cardiaflow-api/internal/handler/health_record_types_handler.go:96.3,97.9 2 1
github.com/andrebarone77/cardiaflow-api/internal/handler/health_record_types_handler.go:99.2,103.4 1 1
github.com/andrebarone77/cardiaflow-api/internal/handler/health_record_types_handler.go:106.58,109.16 2 1
github.com/andrebarone77/cardiaflow-api/internal/handler/health_record_types_handler.go:109.16,110.57 1 1
github.com/andrebarone77/cardiaflow-api/internal/handler/health_record_types_handler.go:110.57,113.4 2 1
github.com/andrebarone77/cardiaflow-api/internal/handler/health_record_types_handler.go:114.3,115.9 2 1
github.com/andrebarone77/cardiaflow-api/internal/handler/health_record_types_handler.go:118.2,118.42 1 1
github.com/andrebarone77/cardiaflow-api/internal/handler/health_record_types_handler.go:121.58,126.16 3 0
github.com/andrebarone77/cardiaflow-api/internal/handler/health_record_types_handler.go:126.16,127.57 1 0
github.com/andrebarone77/cardiaflow-api/internal/handler/health_record_types_handler.go:127.57,130.4 2 0
github.com/andrebarone77/cardiaflow-api/internal/handler/health_record_types_handler.go:132.3,132.58 1 0
github.com/andrebarone77/cardiaflow-api/internal/handler/health_record_types_handler.go:132.58,135.4 2 0
github.com/andrebarone77/cardiaflow-api/internal/handler/health_record_types_handler.go:138.2,138.32 1 0
github.com/andrebarone77/cardiaflow-api/internal/handler/health_record_types_handler.go:142.58,147.18 3 1
github.com/andrebarone77/cardiaflow-api/internal/handler/health_record_types_handler.go:147.18,150.3 2 0
github.com/andrebarone77/cardiaflow-api/internal/handler/health_record_types_handler.go:152.2,153.16 2 1
github.com/andrebarone77/cardiaflow-api/internal/handler/health_record_types_handler.go:153.16,156.3 2 0
github.com/andrebarone77/cardiaflow-api/internal/handler/health_record_types_handler.go:158.2,158.59 1 1
github.com/andrebarone77/cardiaflow-api/internal/handler/health_record_types_handler.go:158.59,161.3 2 0
github.com/andrebarone77/cardiaflow-api/internal/handler/health_record_types_handler.go:163.2,165.16 2 1
github.com/andrebarone77/cardiaflow-api/internal/handler/health_record_types_handler.go:165.16,166.57 1 1
github.com/andrebarone77/cardiaflow-api/internal/handler/health_record_types_handler.go:166.57,169.4 2 1
github.com/andrebarone77/cardiaflow-api/internal/handler/health_record_types_handler.go:171.3,171.62 1 1
github.com/andrebarone77/cardiaflow-api/internal/handler/health_record_types_handler.go:171.62,174.4 2 1
github.com/andrebarone77/cardiaflow-api/internal/handler/health_record_types_handler.go:176.3,176.58 1 1
github.com/andrebarone77/cardiaflow-api/internal/handler/health_record_types_handler.go:176.58,179.4 2 1
github.com/andrebarone77/cardiaflow-api/internal/handler/health_record_types_handler.go:181.3,182.9 2 1
github.com/andrebarone77/cardiaflow-api/internal/handler/health_record_types_handler.go:185.2,190.4 1 1
github.com/andrebarone77/cardiaflow-api/internal/handler/health_record_types_handler.go:194.116,200.2 1 1
github.com/andrebarone77/cardiaflow-api/internal/handler/health_record_types_handler.go:201.123,207.2 1 1
github.com/andrebarone77/cardiaflow-api/internal/handler/user_handler.go:29.59,31.2 1 1
github.com/andrebarone77/cardiaflow-api/internal/handler/user_handler.go:33.46,37.47 2 1
github.com/andrebarone77/cardiaflow-api/internal/handler/user_handler.go:37.47,40.3 2 1
github.com/andrebarone77/cardiaflow-api/internal/handler/user_handler.go:43.2,44.16 2 1
github.com/andrebarone77/cardiaflow-api/internal/handler/user_handler.go:44.16,45.51 1 1
github.com/andrebarone77/cardiaflow-api/internal/handler/user_handler.go:45.51,48.4 2 1
github.com/andrebarone77/cardiaflow-api/internal/handler/user_handler.go:49.3,50.9 2 1
github.com/andrebarone77/cardiaflow-api/internal/handler/user_handler.go:53.2,55.24 1 1
github.com/andrebarone77/cardiaflow-api/internal/handler/user_handler.go:59.43,62.17 2 1
github.com/andrebarone77/cardiaflow-api/internal/handler/user_handler.go:62.17,65.3 2 1
github.com/andrebarone77/cardiaflow-api/internal/handler/user_handler.go:66.2,68.16 2 1
github.com/andrebarone77/cardiaflow-api/internal/handler/user_handler.go:68.16,69.45 1 1
github.com/andrebarone77/cardiaflow-api/internal/handler/user_handler.go:69.45,72.4 2 1
github.com/andrebarone77/cardiaflow-api/internal/handler/user_handler.go:73.3,74.9 2 1
github.com/andrebarone77/cardiaflow-api/internal/handler/user_handler.go:77.2,79.24 1 1
github.com/andrebarone77/cardiaflow-api/internal/handler/user_handler.go:83.47,88.16 3 1
github.com/andrebarone77/cardiaflow-api/internal/handler/user_handler.go:88.16,89.45 1 1
github.com/andrebarone77/cardiaflow-api/internal/handler/user_handler.go:89.45,92.4 2 1
github.com/andrebarone77/cardiaflow-api/internal/handler/user_handler.go:93.3,94.9 2 1
github.com/andrebarone77/cardiaflow-api/internal/handler/user_handler.go:97.2,99.24 1 1
github.com/andrebarone77/cardiaflow-api/internal/handler/user_handler.go:103.46,108.16 3 1
github.com/andrebarone77/cardiaflow-api/internal/handler/user_handler.go:108.16,109.45 1 1
github.com/andrebarone77/cardiaflow-api/internal/handler/user_handler.go:109.45,112.4 2 1
github.com/andrebarone77/cardiaflow-api/internal/handler/user_handler.go:113.3,114.9 2 1
github.com/andrebarone77/cardiaflow-api/internal/handler/user_handler.go:116.2,116.32 1 1
github.com/andrebarone77/cardiaflow-api/internal/handler/user_handler.go:119.46,124.18 3 1
github.com/andrebarone77/cardiaflow-api/internal/handler/user_handler.go:124.18,127.3 2 1
github.com/andrebarone77/cardiaflow-api/internal/handler/user_handler.go:129.2,129.47 1 1
github.com/andrebarone77/cardiaflow-api/internal/handler/user_handler.go:129.47,132.3 2 1
github.com/andrebarone77/cardiaflow-api/internal/handler/user_handler.go:134.2,134.19 1 1
github.com/andrebarone77/cardiaflow-api/internal/handler/user_handler.go:134.19,137.3 2 1
github.com/andrebarone77/cardiaflow-api/internal/handler/user_handler.go:139.2,139.64 1 1
github.com/andrebarone77/cardiaflow-api/internal/handler/user_handler.go:139.64,142.3 2 1
github.com/andrebarone77/cardiaflow-api/internal/handler/user_handler.go:144.2,146.16 2 1
github.com/andrebarone77/cardiaflow-api/internal/handler/user_handler.go:146.16,147.45 1 1
github.com/andrebarone77/cardiaflow-api/internal/handler/user_handler.go:147.45,150.4 2 1
github.com/andrebarone77/cardiaflow-api/internal/handler/user_handler.go:152.3,152.51 1 1
github.com/andrebarone77/cardiaflow-api/internal/handler/user_handler.go:152.51,155.4 2 1
github.com/andrebarone77/cardiaflow-api/internal/handler/user_handler.go:156.3,157.9 2 1
github.com/andrebarone77/cardiaflow-api/internal/handler/user_handler.go:160.2,162.24 1 1
github.com/andrebarone77/cardiaflow-api/internal/handler/user_handler.go:166.81,172.2 1 1
github.com/andrebarone77/cardiaflow-api/internal/handler/user_handler.go:174.88,180.2 1 1
